
> rest-express@1.0.0 test:functional
> npm run build && tsx scripts/functional-tests.ts


> rest-express@1.0.0 build
> vite build && esbuild server/index.ts --platform=node --packages=external --bundle --format=esm --outdir=dist

vite v5.4.19 building for production...
transforming...
âœ“ 3354 modules transformed.
rendering chunks...
computing gzip size...
../dist/public/index.html                       2.42 kB â”‚ gzip:   0.92 kB
../dist/public/assets/index-B52fWKlG.css       70.33 kB â”‚ gzip:  12.42 kB
../dist/public/assets/input-DTh9FO78.js         0.62 kB â”‚ gzip:   0.37 kB
../dist/public/assets/not-found-DHsg-N0R.js     0.72 kB â”‚ gzip:   0.41 kB
../dist/public/assets/card-CCpIX1gV.js          1.03 kB â”‚ gzip:   0.39 kB
../dist/public/assets/select-DbUZ0Jw7.js        3.11 kB â”‚ gzip:   1.14 kB
../dist/public/assets/chart-DLmIzyqq.js         4.59 kB â”‚ gzip:   1.94 kB
../dist/public/assets/home-RDarpIEi.js          5.97 kB â”‚ gzip:   2.06 kB
../dist/public/assets/scheduling-CmD-jkTR.js    8.69 kB â”‚ gzip:   2.41 kB
../dist/public/assets/marketing-s5EdLQ0x.js     8.94 kB â”‚ gzip:   2.78 kB
../dist/public/assets/staff-DBDinTXc.js         9.13 kB â”‚ gzip:   2.24 kB
../dist/public/assets/inventory-BdwTlebz.js     9.29 kB â”‚ gzip:   2.52 kB
../dist/public/assets/loyalty-D2cSzbZT.js       9.59 kB â”‚ gzip:   2.87 kB
../dist/public/assets/pos-mZNjMqXd.js          14.40 kB â”‚ gzip:   4.04 kB
../dist/public/assets/icons-CUuMniuQ.js        15.81 kB â”‚ gzip:   3.25 kB
../dist/public/assets/analytics-BVIYQDfh.js    17.74 kB â”‚ gzip:   4.14 kB
../dist/public/assets/index-C0RAkEYh.js        32.81 kB â”‚ gzip:   9.63 kB
../dist/public/assets/query-CyeIJ-bU.js        36.17 kB â”‚ gzip:  10.92 kB
../dist/public/assets/charts-f_bXvggi.js      241.78 kB â”‚ gzip:  56.48 kB
../dist/public/assets/vendor-DvMHagaH.js      458.15 kB â”‚ gzip: 151.33 kB
âœ“ built in 3.64s
ğŸš€ Starting Functional Test Suite
=================================
ğŸ“¡ Starting test server...
âœ… Test server running on port 60039
ğŸ¯ Running all functional tests...

ğŸš€ Starting Comprehensive Functional Test Suite
================================================

ğŸ“¡ Phase 1: API Endpoint Testing
--------------------------------

=== API Endpoint Testing Suite ===

ğŸ§® Phase 2: Business Logic Validation
------------------------------------

=== Business Logic Validation Tests ===

ğŸ–¥ï¸  Phase 3: UI Component Integration
-----------------------------------

=== UI Component Integration Tests ===
âœ… Page Loading and Initial Render (16ms)
âœ… Sidebar Navigation (415ms)
âœ… Chat Interface Functionality (664ms)
âœ… Analytics Interface Functionality (610ms)
âœ… Accessibility Features (584ms)

=== UI Component Test Summary ===
Total Tests: 9
âœ… Passed: 5
âŒ Failed: 4
â±ï¸  Average Duration: 517.11ms

âŒ Failed Tests:
   â€¢ POS Interface Functionality: this.page.waitForTimeout is not a function
   â€¢ Form Validation: this.page.waitForTimeout is not a function
   â€¢ Keyboard Shortcuts: this.page.waitForTimeout is not a function
   â€¢ Responsive Design: this.page.waitForTimeout is not a function

âŒ UI Component Tests FAILED


ğŸ COMPREHENSIVE FUNCTIONAL TEST SUITE RESULTS
==============================================

ğŸ“Š Overall Summary:
   Total Tests: 10
   âœ… Passed: 5
   âŒ Failed: 5
   â­ï¸  Skipped: 0
   â±ï¸  Total Duration: 8.70s
   ğŸ“ˆ Avg Response Time: 0.00ms

ğŸ“¡ API Test Results:
   âŒ API tests failed: Error: POST /api/demo/reset -> 400

ğŸ§® Business Logic Test Results:
   Tests: 1
   Passed: 0
   Failed: 1

ğŸ–¥ï¸  UI Component Test Results:
   Tests: 9
   Passed: 5
   Failed: 4

âŒ Failed Tests Summary:
   Business Logic Failures:
     â€¢ Business Logic Suite: Error: POST /api/demo/reset -> 400
   UI Test Failures:
     â€¢ POS Interface Functionality: this.page.waitForTimeout is not a function
     â€¢ Form Validation: this.page.waitForTimeout is not a function
     â€¢ Keyboard Shortcuts: this.page.waitForTimeout is not a function
     â€¢ Responsive Design: this.page.waitForTimeout is not a function

ğŸ¯ Final Verdict:
   âŒ FUNCTIONAL TESTS FAILED
   ğŸ”§ Platform requires fixes before deployment
   ğŸš¨ Major issues detected - significant work needed

==============================================

âŒ Some functional tests failed.
